[handleMsg]:  {
  key: {
    remoteJid: '5492612533741@s.whatsapp.net',
    fromMe: false,
    id: '3EB094AF0ED4DF8D45B89C',
    participant: undefined
  },
  messageTimestamp: 1715481202,
  pushName: 'Luis',
  broadcast: false,
  message: Message {
    extendedTextMessage: ExtendedTextMessage {
      text: 'colelap',
      contextInfo: [ContextInfo],
      inviteLinkGroupTypeV2: 0
    },
    messageContextInfo: MessageContextInfo {
      deviceListMetadata: [DeviceListMetadata],
      deviceListMetadataVersion: 2
    }
  },
  body: 'colelap',
  from: '5492612533741'
}
[QUEUE_SE_ENVIO]:  {
  ref: 'ans_139d8c97-80a2-483c-a7bf-bea0f8ff2324',
  keyword: 'key_fee70128-7d11-408a-a25d-c3f73278cc57',
  answer: 'Ingresa la practica a consultar:',
  options: {
    media: null,
    buttons: [],
    capture: true,
    child: null,
    delay: 0,
    idle: null,
    ref: null,
    nested: [],
    keyword: {},
    callback: true
  },
  refSerialize: 'cc2f54bfbf5005613c572f823e82d470'
}
[handleMsg]:  {
  key: {
    remoteJid: '5492612533741@s.whatsapp.net',
    fromMe: false,
    id: '3EB06B7B0706D8034E3AEE',
    participant: undefined
  },
  messageTimestamp: 1715481206,
  pushName: 'Luis',
  broadcast: false,
  message: Message {
    extendedTextMessage: ExtendedTextMessage {
      text: 'colelap',
      contextInfo: [ContextInfo],
      inviteLinkGroupTypeV2: 0
    },
    messageContextInfo: MessageContextInfo {
      deviceListMetadata: [DeviceListMetadata],
      deviceListMetadataVersion: 2
    }
  },
  body: 'colelap',
  from: '5492612533741'
}
[QUEUE_SE_ENVIO]:  {
  ref: 'ans_139d8c97-80a2-483c-a7bf-bea0f8ff2324',
  keyword: 'key_fee70128-7d11-408a-a25d-c3f73278cc57',
  answer: 'Ingresa la practica a consultar:',
  options: {
    media: null,
    buttons: [],
    capture: true,
    child: null,
    delay: 0,
    idle: null,
    ref: null,
    nested: [],
    keyword: {},
    callback: true
  },
  refSerialize: 'cc2f54bfbf5005613c572f823e82d470'
}
